<?xml version="1.0" encoding="UTF-8"?>
<!-- Generated by org.testng.reporters.JUnitReportReporter -->
<testsuite hostname="DESKTOP-QE6MO3Q" failures="0" tests="5" name="testCases.TC003_LoginDDT" time="37.627" errors="0" timestamp="2025-03-16T13:31:25 IST" skipped="0">
  <testcase classname="testCases.TC003_LoginDDT" name="verify_loginDDT" time="11.427"/>
  <testcase classname="testCases.TC003_LoginDDT" name="verify_loginDDT" time="11.235"/>
  <testcase classname="testCases.TC003_LoginDDT" name="verify_loginDDT" time="11.210"/>
  <testcase classname="testCases.TC003_LoginDDT" name="verify_loginDDT" time="2.151"/>
  <testcase classname="testCases.TC003_LoginDDT" name="verify_loginDDT" time="1.604"/>
</testsuite> <!-- testCases.TC003_LoginDDT -->
