<?xml version="1.0" encoding="UTF-8"?>
<!-- Generated by org.testng.reporters.JUnitReportReporter -->
<testsuite hostname="DESKTOP-QE6MO3Q" failures="0" tests="1" name="testCases.TC001_AccountRegistrationTest" time="11.840" errors="0" timestamp="2025-03-17T16:53:09 IST" skipped="0">
  <testcase classname="testCases.TC001_AccountRegistrationTest" name="verify_account_registration" time="11.840"/>
</testsuite> <!-- testCases.TC001_AccountRegistrationTest -->
