<?xml version="1.0" encoding="UTF-8"?>
<!-- Generated by org.testng.reporters.JUnitReportReporter -->
<testsuite hostname="DESKTOP-QE6MO3Q" failures="0" tests="1" name="testCases.TC002_LoginTest" time="2.192" errors="0" timestamp="2025-03-17T15:13:49 IST" skipped="0">
  <testcase classname="testCases.TC002_LoginTest" name="verify_login" time="2.192"/>
</testsuite> <!-- testCases.TC002_LoginTest -->
