<?xml version="1.0" encoding="UTF-8"?>
<!-- Generated by org.testng.reporters.JUnitReportReporter -->
<testsuite hostname="DESKTOP-QE6MO3Q" failures="0" tests="1" name="testCases.TC002_LoginTest" time="2.086" errors="0" timestamp="2025-03-18T10:48:42 IST" skipped="0">
  <testcase classname="testCases.TC002_LoginTest" name="verify_login" time="2.086"/>
</testsuite> <!-- testCases.TC002_LoginTest -->
