<?xml version="1.0" encoding="UTF-8"?>
<!-- Generated by org.testng.reporters.JUnitReportReporter -->
<testsuite hostname="DESKTOP-QE6MO3Q" failures="0" tests="1" name="testCases.TC001_AccountRegistrationTest" time="14.222" errors="0" timestamp="2025-03-18T09:57:51 IST" skipped="0">
  <testcase classname="testCases.TC001_AccountRegistrationTest" name="verify_account_registration" time="14.222"/>
</testsuite> <!-- testCases.TC001_AccountRegistrationTest -->
